C:\Program Files\Microsoft Visual Studio\2022\Professional\MSBuild\Microsoft\VC\v170\Microsoft.CppBuild.targets(520,5): warning MSB8004: Output Directory does not end with a trailing slash.  This build instance will add the slash as it is required to allow proper evaluation of the Output Directory.
cl : command line  warning D9025: overriding '/sdl' with '/GS-'
  bass_memory.c
C:\Program Files\Microsoft Visual Studio\2022\Professional\VC\Tools\MSVC\14.33.31629\include\vcruntime.h(61,26): warning C4083: expected ')'; found identifier '_VCRUNTIME_DISABLED_WARNINGS'
C:\Program Files\Microsoft Visual Studio\2022\Professional\VC\Tools\MSVC\14.33.31629\include\vcruntime.h(111,1): warning C4005: '_CRT_STRINGIZE': macro redefinition
C:\personal\BASS_MEMORY\crt\crtdefs.h(71): message : see previous definition of '_CRT_STRINGIZE'
C:\Program Files\Microsoft Visual Studio\2022\Professional\VC\Tools\MSVC\14.33.31629\include\vcruntime.h(114,1): warning C4005: '_CRT_WIDE': macro redefinition
C:\personal\BASS_MEMORY\crt\crtdefs.h(74): message : see previous definition of '_CRT_WIDE'
C:\Program Files\Microsoft Visual Studio\2022\Professional\VC\Tools\MSVC\14.33.31629\include\vcruntime.h(155,1): warning C4005: '__CRTDECL': macro redefinition
C:\personal\BASS_MEMORY\crt\crtdefs.h(571): message : see previous definition of '__CRTDECL'
C:\Program Files\Microsoft Visual Studio\2022\Professional\VC\Tools\MSVC\14.33.31629\include\stdint.h(16,26): warning C4083: expected ')'; found identifier '_VCRUNTIME_DISABLED_WARNINGS'
  buffer.c
  cache.c
  memory_stream.c
  progress.c
  reader.c
C:\Program Files\Microsoft Visual Studio\2022\Professional\VC\Tools\MSVC\14.33.31629\include\vcruntime.h(61,26): warning C4083: expected ')'; found identifier '_VCRUNTIME_DISABLED_WARNINGS'
C:\Program Files\Microsoft Visual Studio\2022\Professional\VC\Tools\MSVC\14.33.31629\include\vcruntime.h(111,1): warning C4005: '_CRT_STRINGIZE': macro redefinition
C:\personal\BASS_MEMORY\crt\crtdefs.h(71): message : see previous definition of '_CRT_STRINGIZE'
C:\Program Files\Microsoft Visual Studio\2022\Professional\VC\Tools\MSVC\14.33.31629\include\vcruntime.h(114,1): warning C4005: '_CRT_WIDE': macro redefinition
C:\personal\BASS_MEMORY\crt\crtdefs.h(74): message : see previous definition of '_CRT_WIDE'
C:\Program Files\Microsoft Visual Studio\2022\Professional\VC\Tools\MSVC\14.33.31629\include\vcruntime.h(155,1): warning C4005: '__CRTDECL': macro redefinition
C:\personal\BASS_MEMORY\crt\crtdefs.h(571): message : see previous definition of '__CRTDECL'
C:\Program Files\Microsoft Visual Studio\2022\Professional\VC\Tools\MSVC\14.33.31629\include\stdint.h(16,26): warning C4083: expected ')'; found identifier '_VCRUNTIME_DISABLED_WARNINGS'
  wave_header.c
C:\Program Files\Microsoft Visual Studio\2022\Professional\VC\Tools\MSVC\14.33.31629\include\vcruntime.h(61,26): warning C4083: expected ')'; found identifier '_VCRUNTIME_DISABLED_WARNINGS'
C:\Program Files\Microsoft Visual Studio\2022\Professional\VC\Tools\MSVC\14.33.31629\include\vcruntime.h(111,1): warning C4005: '_CRT_STRINGIZE': macro redefinition
C:\personal\BASS_MEMORY\crt\crtdefs.h(71): message : see previous definition of '_CRT_STRINGIZE'
C:\Program Files\Microsoft Visual Studio\2022\Professional\VC\Tools\MSVC\14.33.31629\include\vcruntime.h(114,1): warning C4005: '_CRT_WIDE': macro redefinition
C:\personal\BASS_MEMORY\crt\crtdefs.h(74): message : see previous definition of '_CRT_WIDE'
C:\Program Files\Microsoft Visual Studio\2022\Professional\VC\Tools\MSVC\14.33.31629\include\vcruntime.h(155,1): warning C4005: '__CRTDECL': macro redefinition
C:\personal\BASS_MEMORY\crt\crtdefs.h(571): message : see previous definition of '__CRTDECL'
C:\Program Files\Microsoft Visual Studio\2022\Professional\VC\Tools\MSVC\14.33.31629\include\stdint.h(16,26): warning C4083: expected ')'; found identifier '_VCRUNTIME_DISABLED_WARNINGS'
     Creating library ../lib/x86\bass_memory.lib and object ../lib/x86\bass_memory.exp
  Generating code
  Compiler switch has changed, fall back to full compilation.
  All 37 functions were compiled because no usable IPDB/IOBJ from previous compilation was found.
  Finished generating code
buffer.obj : error LNK2001: unresolved external symbol __dtol3
..\lib\x86\bass_memory.dll : fatal error LNK1120: 1 unresolved externals
