c:\personal\bass_memory\lib\x86\bass_memory.lib
c:\personal\bass_memory\lib\x86\bass_memory.exp
c:\personal\bass_memory\bass_memory\release\vc143.pdb
c:\personal\bass_memory\bass_memory\release\reader.obj
c:\personal\bass_memory\bass_memory\release\progress.obj
c:\personal\bass_memory\bass_memory\release\bass_memory.obj
c:\personal\bass_memory\bass_memory\release\memory_stream.obj
c:\personal\bass_memory\bass_memory\release\cache.obj
c:\personal\bass_memory\bass_memory\release\wave_header.obj
c:\personal\bass_memory\bass_memory\release\buffer.obj
c:\personal\bass_memory\lib\x86\bass_memory.dll
c:\personal\bass_memory\bass_memory\release\bass_memory.ipdb
c:\personal\bass_memory\bass_memory\release\bass_memory.iobj
c:\personal\bass_memory\lib\x86\bass_memory.pdb
c:\personal\bass_memory\bass_memory\release\bass_memory.tlog\bass_memory.write.1u.tlog
c:\personal\bass_memory\bass_memory\release\bass_memory.tlog\cl.command.1.tlog
c:\personal\bass_memory\bass_memory\release\bass_memory.tlog\cl.read.1.tlog
c:\personal\bass_memory\bass_memory\release\bass_memory.tlog\cl.write.1.tlog
c:\personal\bass_memory\bass_memory\release\bass_memory.tlog\link.command.1.tlog
c:\personal\bass_memory\bass_memory\release\bass_memory.tlog\link.read.1.tlog
c:\personal\bass_memory\bass_memory\release\bass_memory.tlog\link.write.1.tlog
