c:\personal\bass_memory\lib\x86\bass_memory_dsd.lib
c:\personal\bass_memory\lib\x86\bass_memory_dsd.exp
c:\personal\bass_memory\bass_memory_dsd\release\vc143.pdb
c:\personal\bass_memory\bass_memory_dsd\release\reader.obj
c:\personal\bass_memory\bass_memory_dsd\release\progress.obj
c:\personal\bass_memory\bass_memory_dsd\release\memory_stream.obj
c:\personal\bass_memory\bass_memory_dsd\release\cache.obj
c:\personal\bass_memory\bass_memory_dsd\release\bass_memory_dsd.obj
c:\personal\bass_memory\bass_memory_dsd\release\buffer.obj
c:\personal\bass_memory\lib\x86\bass_memory_dsd.dll
c:\personal\bass_memory\bass_memory_dsd\release\bass_memory_dsd.ipdb
c:\personal\bass_memory\bass_memory_dsd\release\bass_memory_dsd.iobj
c:\personal\bass_memory\lib\x86\bass_memory_dsd.pdb
c:\personal\bass_memory\bass_memory_dsd\release\bass_memory_dsd.tlog\bass_memory_dsd.write.1u.tlog
c:\personal\bass_memory\bass_memory_dsd\release\bass_memory_dsd.tlog\cl.command.1.tlog
c:\personal\bass_memory\bass_memory_dsd\release\bass_memory_dsd.tlog\cl.read.1.tlog
c:\personal\bass_memory\bass_memory_dsd\release\bass_memory_dsd.tlog\cl.write.1.tlog
c:\personal\bass_memory\bass_memory_dsd\release\bass_memory_dsd.tlog\link.command.1.tlog
c:\personal\bass_memory\bass_memory_dsd\release\bass_memory_dsd.tlog\link.read.1.tlog
c:\personal\bass_memory\bass_memory_dsd\release\bass_memory_dsd.tlog\link.write.1.tlog
